<?xml version="1.0" encoding="UTF-8"?>
<testsuite xmlns:xsi="http://www.w3.org/2001/XMLSchema-instance" xsi:schemaLocation="https://maven.apache.org/surefire/maven-surefire-plugin/xsd/surefire-test-report.xsd" name="com.itbcafrica.repository.BookRepositoryTest" time="5.483" tests="1" errors="1" skipped="0" failures="0">
  <properties>
    <property name="idea.version" value="14.1.4"/>
    <property name="java.runtime.name" value="Java(TM) SE Runtime Environment"/>
    <property name="sun.boot.library.path" value="C:\Program Files\Java\jdk1.8.0_202\jre\bin"/>
    <property name="java.vm.version" value="25.202-b08"/>
    <property name="java.vm.vendor" value="Oracle Corporation"/>
    <property name="maven.multiModuleProjectDirectory" value="C:\Users\OEM\Downloads\projects for learning\book-ecommerce"/>
    <property name="java.vendor.url" value="http://java.oracle.com/"/>
    <property name="path.separator" value=";"/>
    <property name="guice.disable.misplaced.annotation.check" value="true"/>
    <property name="java.vm.name" value="Java HotSpot(TM) 64-Bit Server VM"/>
    <property name="file.encoding.pkg" value="sun.io"/>
    <property name="idea.launcher.port" value="7532"/>
    <property name="user.script" value=""/>
    <property name="user.country" value="DE"/>
    <property name="sun.java.launcher" value="SUN_STANDARD"/>
    <property name="sun.os.patch.level" value="Service Pack 1"/>
    <property name="java.vm.specification.name" value="Java Virtual Machine Specification"/>
    <property name="user.dir" value="C:\Users\OEM\Downloads\projects for learning\book-ecommerce"/>
    <property name="java.runtime.version" value="1.8.0_202-b08"/>
    <property name="java.awt.graphicsenv" value="sun.awt.Win32GraphicsEnvironment"/>
    <property name="java.endorsed.dirs" value="C:\Program Files\Java\jdk1.8.0_202\jre\lib\endorsed"/>
    <property name="os.arch" value="amd64"/>
    <property name="java.io.tmpdir" value="C:\Users\OEM\AppData\Local\Temp\"/>
    <property name="line.separator" value="&#10;"/>
    <property name="java.vm.specification.vendor" value="Oracle Corporation"/>
    <property name="user.variant" value=""/>
    <property name="os.name" value="Windows 7"/>
    <property name="classworlds.conf" value="C:\Program Files\apache-maven-3.6.2\bin\m2.conf"/>
    <property name="sun.jnu.encoding" value="Cp1252"/>
    <property name="java.library.path" value="C:\Program Files\Java\jdk1.8.0_202\bin;C:\Windows\Sun\Java\bin;C:\Windows\system32;C:\Windows;C:\Program Files (x86)\Common Files\Oracle\Java\javapath;C:\Windows\system32;C:\Windows;C:\Windows\System32\Wbem;C:\Windows\System32\WindowsPowerShell\v1.0\;C:\Program Files\TortoiseSVN\bin;C:\Users\OEM\AppData\Roaming\npm;C:\Program Files\nodejs;C:\Program Files\Java\jdk1.8.0_202\bin;C:\Program Files\apache-maven-3.6.2\bin;C:\Program Files\nodejs\;C:\Program Files\Git\cmd;C:\Program Files\MySQL\MySQL Shell 8.0\bin\;C:\Users\OEM\AppData\Local\Programs\Microsoft VS Code\bin;;."/>
    <property name="maven.conf" value="C:\Program Files\apache-maven-3.6.2/conf"/>
    <property name="java.specification.name" value="Java Platform API Specification"/>
    <property name="java.class.version" value="52.0"/>
    <property name="sun.management.compiler" value="HotSpot 64-Bit Tiered Compilers"/>
    <property name="os.version" value="6.1"/>
    <property name="user.home" value="C:\Users\OEM"/>
    <property name="user.timezone" value="Europe/Berlin"/>
    <property name="java.awt.printerjob" value="sun.awt.windows.WPrinterJob"/>
    <property name="java.specification.version" value="1.8"/>
    <property name="idea.launcher.bin.path" value="C:\Program Files (x86)\JetBrains\IntelliJ IDEA 14.1.4\bin"/>
    <property name="file.encoding" value="windows-1252"/>
    <property name="user.name" value="OEM"/>
    <property name="java.class.path" value="C:\Program Files\apache-maven-3.6.2\boot\plexus-classworlds-2.6.0.jar;C:\Program Files (x86)\JetBrains\IntelliJ IDEA 14.1.4\lib\idea_rt.jar"/>
    <property name="java.vm.specification.version" value="1.8"/>
    <property name="sun.arch.data.model" value="64"/>
    <property name="java.home" value="C:\Program Files\Java\jdk1.8.0_202\jre"/>
    <property name="sun.java.command" value="com.intellij.rt.execution.application.AppMain org.codehaus.classworlds.Launcher -Didea.version=14.1.4 test"/>
    <property name="java.specification.vendor" value="Oracle Corporation"/>
    <property name="user.language" value="de"/>
    <property name="awt.toolkit" value="sun.awt.windows.WToolkit"/>
    <property name="java.vm.info" value="mixed mode"/>
    <property name="java.version" value="1.8.0_202"/>
    <property name="java.ext.dirs" value="C:\Program Files\Java\jdk1.8.0_202\jre\lib\ext;C:\Windows\Sun\Java\lib\ext"/>
    <property name="sun.boot.class.path" value="C:\Program Files\Java\jdk1.8.0_202\jre\lib\resources.jar;C:\Program Files\Java\jdk1.8.0_202\jre\lib\rt.jar;C:\Program Files\Java\jdk1.8.0_202\jre\lib\sunrsasign.jar;C:\Program Files\Java\jdk1.8.0_202\jre\lib\jsse.jar;C:\Program Files\Java\jdk1.8.0_202\jre\lib\jce.jar;C:\Program Files\Java\jdk1.8.0_202\jre\lib\charsets.jar;C:\Program Files\Java\jdk1.8.0_202\jre\lib\jfr.jar;C:\Program Files\Java\jdk1.8.0_202\jre\classes"/>
    <property name="java.vendor" value="Oracle Corporation"/>
    <property name="maven.home" value="C:\Program Files\apache-maven-3.6.2"/>
    <property name="file.separator" value="\"/>
    <property name="java.vendor.url.bug" value="http://bugreport.sun.com/bugreport/"/>
    <property name="sun.cpu.endian" value="little"/>
    <property name="sun.io.unicode.encoding" value="UnicodeLittle"/>
    <property name="sun.desktop" value="windows"/>
    <property name="sun.cpu.isalist" value="amd64"/>
  </properties>
  <testcase name="com.itbcafrica.repository.BookRepositoryTest" classname="com.itbcafrica.repository.BookRepositoryTest" time="5.483">
    <error message="Cannot deploy: test.war" type="org.jboss.arquillian.container.spi.client.container.DeploymentException">org.jboss.arquillian.container.spi.client.container.DeploymentException: Cannot deploy: test.war
Caused by: java.net.ConnectException: Connection refused: no further information
</error>
    <system-err><![CDATA[Okt 07, 2019 1:02:50 PM org.jboss.arquillian.core.impl.ObserverImpl resolveArguments
WARNUNG: Argument 2 for ArquillianServiceDeployer.doServiceDeploy is null. It won't be invoked.
Okt 07, 2019 1:02:51 PM org.xnio.Xnio <clinit>
INFO: XNIO version 3.3.4.Final
Okt 07, 2019 1:02:51 PM org.xnio.nio.NioXnio <clinit>
INFO: XNIO NIO Implementation Version 3.3.4.Final
Okt 07, 2019 1:02:51 PM org.jboss.remoting3.EndpointImpl <clinit>
INFO: JBoss Remoting version 4.0.18.Final
Okt 07, 2019 1:02:54 PM org.jboss.as.arquillian.container.ArchiveDeployer undeploy
WARN: Cannot undeploy: test.war
org.jboss.as.controller.client.helpers.standalone.ServerDeploymentHelper$ServerDeploymentException: java.lang.RuntimeException: java.net.ConnectException: WFLYPRT0053: Could not connect to http-remoting://127.0.0.1:9990. The connection failed
	at org.jboss.as.controller.client.helpers.standalone.ServerDeploymentHelper.undeploy(ServerDeploymentHelper.java:109)
	at org.jboss.as.arquillian.container.ArchiveDeployer.undeploy(ArchiveDeployer.java:111)
	at org.jboss.as.arquillian.container.CommonDeployableContainer.undeploy(CommonDeployableContainer.java:242)
	at org.jboss.arquillian.container.impl.client.container.ContainerDeployController$4.call(ContainerDeployController.java:205)
	at org.jboss.arquillian.container.impl.client.container.ContainerDeployController$4.call(ContainerDeployController.java:185)
	at org.jboss.arquillian.container.impl.client.container.ContainerDeployController.executeOperation(ContainerDeployController.java:271)
	at org.jboss.arquillian.container.impl.client.container.ContainerDeployController.undeploy(ContainerDeployController.java:184)
	at sun.reflect.NativeMethodAccessorImpl.invoke0(Native Method)
	at sun.reflect.NativeMethodAccessorImpl.invoke(NativeMethodAccessorImpl.java:62)
	at sun.reflect.DelegatingMethodAccessorImpl.invoke(DelegatingMethodAccessorImpl.java:43)
	at java.lang.reflect.Method.invoke(Method.java:498)
	at org.jboss.arquillian.core.impl.ObserverImpl.invoke(ObserverImpl.java:96)
	at org.jboss.arquillian.core.impl.EventContextImpl.invokeObservers(EventContextImpl.java:103)
	at org.jboss.arquillian.core.impl.EventContextImpl.proceed(EventContextImpl.java:85)
	at org.jboss.arquillian.container.impl.client.ContainerDeploymentContextHandler.createDeploymentContext(ContainerDeploymentContextHandler.java:78)
	at sun.reflect.NativeMethodAccessorImpl.invoke0(Native Method)
	at sun.reflect.NativeMethodAccessorImpl.invoke(NativeMethodAccessorImpl.java:62)
	at sun.reflect.DelegatingMethodAccessorImpl.invoke(DelegatingMethodAccessorImpl.java:43)
	at java.lang.reflect.Method.invoke(Method.java:498)
	at org.jboss.arquillian.core.impl.ObserverImpl.invoke(ObserverImpl.java:96)
	at org.jboss.arquillian.core.impl.EventContextImpl.proceed(EventContextImpl.java:92)
	at org.jboss.arquillian.container.impl.client.ContainerDeploymentContextHandler.createContainerContext(ContainerDeploymentContextHandler.java:57)
	at sun.reflect.NativeMethodAccessorImpl.invoke0(Native Method)
	at sun.reflect.NativeMethodAccessorImpl.invoke(NativeMethodAccessorImpl.java:62)
	at sun.reflect.DelegatingMethodAccessorImpl.invoke(DelegatingMethodAccessorImpl.java:43)
	at java.lang.reflect.Method.invoke(Method.java:498)
	at org.jboss.arquillian.core.impl.ObserverImpl.invoke(ObserverImpl.java:96)
	at org.jboss.arquillian.core.impl.EventContextImpl.proceed(EventContextImpl.java:92)
	at org.jboss.arquillian.core.impl.ManagerImpl.fire(ManagerImpl.java:143)
	at org.jboss.arquillian.core.impl.ManagerImpl.fire(ManagerImpl.java:114)
	at org.jboss.arquillian.core.impl.EventImpl.fire(EventImpl.java:67)
	at org.jboss.arquillian.container.impl.client.container.ContainerDeployController$2.perform(ContainerDeployController.java:119)
	at org.jboss.arquillian.container.impl.client.container.ContainerDeployController$2.perform(ContainerDeployController.java:110)
	at org.jboss.arquillian.container.impl.client.container.ContainerDeployController.forEachDeployment(ContainerDeployController.java:263)
	at org.jboss.arquillian.container.impl.client.container.ContainerDeployController.forEachDeployedDeployment(ContainerDeployController.java:249)
	at org.jboss.arquillian.container.impl.client.container.ContainerDeployController.undeployManaged(ContainerDeployController.java:109)
	at sun.reflect.NativeMethodAccessorImpl.invoke0(Native Method)
	at sun.reflect.NativeMethodAccessorImpl.invoke(NativeMethodAccessorImpl.java:62)
	at sun.reflect.DelegatingMethodAccessorImpl.invoke(DelegatingMethodAccessorImpl.java:43)
	at java.lang.reflect.Method.invoke(Method.java:498)
	at org.jboss.arquillian.core.impl.ObserverImpl.invoke(ObserverImpl.java:96)
	at org.jboss.arquillian.core.impl.EventContextImpl.invokeObservers(EventContextImpl.java:103)
	at org.jboss.arquillian.core.impl.EventContextImpl.proceed(EventContextImpl.java:85)
	at org.jboss.arquillian.core.impl.ManagerImpl.fire(ManagerImpl.java:143)
	at org.jboss.arquillian.core.impl.ManagerImpl.fire(ManagerImpl.java:114)
	at org.jboss.arquillian.core.impl.EventImpl.fire(EventImpl.java:67)
	at org.jboss.arquillian.container.test.impl.client.ContainerEventController.execute(ContainerEventController.java:108)
	at sun.reflect.NativeMethodAccessorImpl.invoke0(Native Method)
	at sun.reflect.NativeMethodAccessorImpl.invoke(NativeMethodAccessorImpl.java:62)
	at sun.reflect.DelegatingMethodAccessorImpl.invoke(DelegatingMethodAccessorImpl.java:43)
	at java.lang.reflect.Method.invoke(Method.java:498)
	at org.jboss.arquillian.core.impl.ObserverImpl.invoke(ObserverImpl.java:96)
	at org.jboss.arquillian.core.impl.EventContextImpl.invokeObservers(EventContextImpl.java:103)
	at org.jboss.arquillian.core.impl.EventContextImpl.proceed(EventContextImpl.java:85)
	at org.jboss.arquillian.test.impl.TestContextHandler.createClassContext(TestContextHandler.java:92)
	at sun.reflect.NativeMethodAccessorImpl.invoke0(Native Method)
	at sun.reflect.NativeMethodAccessorImpl.invoke(NativeMethodAccessorImpl.java:62)
	at sun.reflect.DelegatingMethodAccessorImpl.invoke(DelegatingMethodAccessorImpl.java:43)
	at java.lang.reflect.Method.invoke(Method.java:498)
	at org.jboss.arquillian.core.impl.ObserverImpl.invoke(ObserverImpl.java:96)
	at org.jboss.arquillian.core.impl.EventContextImpl.proceed(EventContextImpl.java:92)
	at org.jboss.arquillian.test.impl.TestContextHandler.createSuiteContext(TestContextHandler.java:73)
	at sun.reflect.NativeMethodAccessorImpl.invoke0(Native Method)
	at sun.reflect.NativeMethodAccessorImpl.invoke(NativeMethodAccessorImpl.java:62)
	at sun.reflect.DelegatingMethodAccessorImpl.invoke(DelegatingMethodAccessorImpl.java:43)
	at java.lang.reflect.Method.invoke(Method.java:498)
	at org.jboss.arquillian.core.impl.ObserverImpl.invoke(ObserverImpl.java:96)
	at org.jboss.arquillian.core.impl.EventContextImpl.proceed(EventContextImpl.java:92)
	at org.jboss.arquillian.core.impl.ManagerImpl.fire(ManagerImpl.java:143)
	at org.jboss.arquillian.core.impl.ManagerImpl.fire(ManagerImpl.java:114)
	at org.jboss.arquillian.test.impl.EventTestRunnerAdaptor.afterClass(EventTestRunnerAdaptor.java:94)
	at org.jboss.arquillian.junit.Arquillian$3$1.evaluate(Arquillian.java:224)
	at org.jboss.arquillian.junit.Arquillian.multiExecute(Arquillian.java:431)
	at org.jboss.arquillian.junit.Arquillian.access$200(Arquillian.java:55)
	at org.jboss.arquillian.junit.Arquillian$3.evaluate(Arquillian.java:219)
	at org.junit.runners.ParentRunner.run(ParentRunner.java:363)
	at org.jboss.arquillian.junit.Arquillian.run(Arquillian.java:167)
	at org.apache.maven.surefire.junit4.JUnit4Provider.execute(JUnit4Provider.java:367)
	at org.apache.maven.surefire.junit4.JUnit4Provider.executeWithRerun(JUnit4Provider.java:274)
	at org.apache.maven.surefire.junit4.JUnit4Provider.executeTestSet(JUnit4Provider.java:238)
	at org.apache.maven.surefire.junit4.JUnit4Provider.invoke(JUnit4Provider.java:161)
	at org.apache.maven.surefire.booter.ForkedBooter.invokeProviderInSameClassLoader(ForkedBooter.java:290)
	at org.apache.maven.surefire.booter.ForkedBooter.runSuitesInProcess(ForkedBooter.java:242)
	at org.apache.maven.surefire.booter.ForkedBooter.main(ForkedBooter.java:121)
Caused by: java.lang.RuntimeException: java.net.ConnectException: WFLYPRT0053: Could not connect to http-remoting://127.0.0.1:9990. The connection failed
	at org.jboss.as.controller.client.impl.AbstractModelControllerClient.executeAsync(AbstractModelControllerClient.java:114)
	at org.jboss.as.controller.client.helpers.standalone.impl.ModelControllerClientServerDeploymentManager.executeOperation(ModelControllerClientServerDeploymentManager.java:50)
	at org.jboss.as.controller.client.helpers.standalone.impl.AbstractServerDeploymentManager.execute(AbstractServerDeploymentManager.java:79)
	at org.jboss.as.controller.client.helpers.standalone.ServerDeploymentHelper.undeploy(ServerDeploymentHelper.java:106)
	... 83 more
Caused by: java.net.ConnectException: WFLYPRT0053: Could not connect to http-remoting://127.0.0.1:9990. The connection failed
	at org.jboss.as.protocol.ProtocolConnectionUtils.connectSync(ProtocolConnectionUtils.java:122)
	at org.jboss.as.protocol.ProtocolConnectionManager$EstablishingConnection.connect(ProtocolConnectionManager.java:257)
	at org.jboss.as.protocol.ProtocolConnectionManager.connect(ProtocolConnectionManager.java:71)
	at org.jboss.as.protocol.mgmt.FutureManagementChannel$Establishing.getChannel(FutureManagementChannel.java:212)
	at org.jboss.as.controller.client.impl.RemotingModelControllerClient.getOrCreateChannel(RemotingModelControllerClient.java:146)
	at org.jboss.as.controller.client.impl.RemotingModelControllerClient$1.getChannel(RemotingModelControllerClient.java:65)
	at org.jboss.as.protocol.mgmt.ManagementChannelHandler.executeRequest(ManagementChannelHandler.java:147)
	at org.jboss.as.protocol.mgmt.ManagementChannelHandler.executeRequest(ManagementChannelHandler.java:122)
	at org.jboss.as.controller.client.impl.AbstractModelControllerClient.executeRequest(AbstractModelControllerClient.java:263)
	at org.jboss.as.controller.client.impl.AbstractModelControllerClient.execute(AbstractModelControllerClient.java:168)
	at org.jboss.as.controller.client.impl.AbstractModelControllerClient.executeAsync(AbstractModelControllerClient.java:111)
	... 86 more
Caused by: java.net.ConnectException: Connection refused: no further information
	at sun.nio.ch.SocketChannelImpl.checkConnect(Native Method)
	at sun.nio.ch.SocketChannelImpl.finishConnect(SocketChannelImpl.java:717)
	at org.xnio.nio.WorkerThread$ConnectHandle.handleReady(WorkerThread.java:319)
	at org.xnio.nio.WorkerThread.run(WorkerThread.java:559)
	at ...asynchronous invocation...(Unknown Source)
	at org.jboss.remoting3.EndpointImpl.doConnect(EndpointImpl.java:294)
	at org.jboss.remoting3.EndpointImpl.doConnect(EndpointImpl.java:275)
	at org.jboss.remoting3.EndpointImpl.connect(EndpointImpl.java:379)
	at org.jboss.remoting3.EndpointImpl.connect(EndpointImpl.java:367)
	at org.jboss.as.protocol.ProtocolConnectionUtils.connect(ProtocolConnectionUtils.java:83)
	at org.jboss.as.protocol.ProtocolConnectionUtils.connectSync(ProtocolConnectionUtils.java:114)
	... 96 more

]]></system-err>
  </testcase>
</testsuite>